<?xml version="1.0" encoding="UTF-8"?>
<testsuite xmlns:xsi="http://www.w3.org/2001/XMLSchema-instance" xsi:noNamespaceSchemaLocation="https://maven.apache.org/surefire/maven-surefire-plugin/xsd/surefire-test-report.xsd" version="3.0.2" name="org.project.bestpractice.UserControllerImplTest" time="9.161" tests="5" errors="0" skipped="0" failures="0">
  <properties>
[...]
</properties>
  <testcase name="addUser_shouldReturnOk_whenRequestIsValid" classname="org.project.bestpractice.UserControllerImplTest" time="0.199">
    <system-out><![CDATA[03:05:21.482 [main] INFO org.springframework.test.context.support.AnnotationConfigContextLoaderUtils -- Could not detect default configuration classes for test class [org.project.bestpractice.UserControllerImplTest]: UserControllerImplTest does not declare any static, non-private, non-final, nested classes annotated with @Configuration.
03:05:21.577 [main] INFO org.springframework.boot.test.context.SpringBootTestContextBootstrapper -- Found @SpringBootConfiguration org.project.bestpractice.BestPracticeApplication for test class org.project.bestpractice.UserControllerImplTest
03:05:21.690 [main] INFO org.springframework.boot.devtools.restart.RestartApplicationListener -- Restart disabled due to context in which it is running

  .   ____          _            __ _ _
 /\\ / ___'_ __ _ _(_)_ __  __ _ \ \ \ \
( ( )\___ | '_ | '_| | '_ \/ _` | \ \ \ \
 \\/  ___)| |_)| | | | | || (_| |  ) ) ) )
  '  |____| .__|_| |_|_| |_\__, | / / / /
 =========|_|==============|___/=/_/_/_/

 :: Spring Boot ::                (v3.4.1)

2025-12-15T03:05:21.920+03:00  INFO 11840 --- [BestPractice] [           main] o.p.bestpractice.UserControllerImplTest  : Starting UserControllerImplTest using Java 23.0.1 with PID 11840 (started by Lenovo in C:\Users\Lenovo\Documents\GitHub\spring-boot-best-practices-starter)
2025-12-15T03:05:21.920+03:00  INFO 11840 --- [BestPractice] [           main] o.p.bestpractice.UserControllerImplTest  : No active profile set, falling back to 1 default profile: "default"
2025-12-15T03:05:22.917+03:00  INFO 11840 --- [BestPractice] [           main] .s.d.r.c.RepositoryConfigurationDelegate : Bootstrapping Spring Data JPA repositories in DEFAULT mode.
2025-12-15T03:05:22.986+03:00  INFO 11840 --- [BestPractice] [           main] .s.d.r.c.RepositoryConfigurationDelegate : Finished Spring Data repository scanning in 59 ms. Found 3 JPA repository interfaces.
2025-12-15T03:05:24.525+03:00  INFO 11840 --- [BestPractice] [           main] o.s.b.w.embedded.tomcat.TomcatWebServer  : Tomcat initialized with port 0 (http)
2025-12-15T03:05:24.549+03:00  INFO 11840 --- [BestPractice] [           main] o.apache.catalina.core.StandardService   : Starting service [Tomcat]
2025-12-15T03:05:24.549+03:00  INFO 11840 --- [BestPractice] [           main] o.apache.catalina.core.StandardEngine    : Starting Servlet engine: [Apache Tomcat/10.1.34]
2025-12-15T03:05:24.616+03:00  INFO 11840 --- [BestPractice] [           main] o.a.c.c.C.[Tomcat].[localhost].[/]       : Initializing Spring embedded WebApplicationContext
2025-12-15T03:05:24.617+03:00  INFO 11840 --- [BestPractice] [           main] w.s.c.ServletWebServerApplicationContext : Root WebApplicationContext: initialization completed in 2685 ms
2025-12-15T03:05:25.137+03:00  INFO 11840 --- [BestPractice] [           main] o.hibernate.jpa.internal.util.LogHelper  : HHH000204: Processing PersistenceUnitInfo [name: default]
2025-12-15T03:05:25.319+03:00  INFO 11840 --- [BestPractice] [           main] org.hibernate.Version                    : HHH000412: Hibernate ORM core version 6.6.4.Final
2025-12-15T03:05:25.395+03:00  INFO 11840 --- [BestPractice] [           main] o.h.c.internal.RegionFactoryInitiator    : HHH000026: Second-level cache disabled
2025-12-15T03:05:25.541+03:00  INFO 11840 --- [BestPractice] [           main] o.s.o.j.p.SpringPersistenceUnitInfo      : No LoadTimeWeaver setup: ignoring JPA class transformer
2025-12-15T03:05:25.564+03:00  INFO 11840 --- [BestPractice] [           main] com.zaxxer.hikari.HikariDataSource       : HikariPool-1 - Starting...
2025-12-15T03:05:25.725+03:00  INFO 11840 --- [BestPractice] [           main] com.zaxxer.hikari.pool.HikariPool        : HikariPool-1 - Added connection org.postgresql.jdbc.PgConnection@7bdf8c92
2025-12-15T03:05:25.726+03:00  INFO 11840 --- [BestPractice] [           main] com.zaxxer.hikari.HikariDataSource       : HikariPool-1 - Start completed.
2025-12-15T03:05:25.797+03:00  INFO 11840 --- [BestPractice] [           main] org.hibernate.orm.connections.pooling    : HHH10001005: Database info:
	Database JDBC URL [Connecting through datasource 'HikariDataSource (HikariPool-1)']
	Database driver: undefined/unknown
	Database version: 14.16
	Autocommit mode: undefined/unknown
	Isolation level: undefined/unknown
	Minimum pool size: undefined/unknown
	Maximum pool size: undefined/unknown
2025-12-15T03:05:26.572+03:00  INFO 11840 --- [BestPractice] [           main] o.h.e.t.j.p.i.JtaPlatformInitiator       : HHH000489: No JTA platform available (set 'hibernate.transaction.jta.platform' to enable JTA platform integration)
2025-12-15T03:05:26.670+03:00  INFO 11840 --- [BestPractice] [           main] j.LocalContainerEntityManagerFactoryBean : Initialized JPA EntityManagerFactory for persistence unit 'default'
2025-12-15T03:05:27.129+03:00  INFO 11840 --- [BestPractice] [           main] o.s.d.j.r.query.QueryEnhancerFactory     : Hibernate is in classpath; If applicable, HQL parser will be used.
2025-12-15T03:05:27.798+03:00  WARN 11840 --- [BestPractice] [           main] JpaBaseConfiguration$JpaWebConfiguration : spring.jpa.open-in-view is enabled by default. Therefore, database queries may be performed during view rendering. Explicitly configure spring.jpa.open-in-view to disable this warning
2025-12-15T03:05:28.315+03:00  INFO 11840 --- [BestPractice] [           main] eAuthenticationProviderManagerConfigurer : Global AuthenticationManager configured with AuthenticationProvider bean with name authenticationProvider
2025-12-15T03:05:28.316+03:00  WARN 11840 --- [BestPractice] [           main] r$InitializeUserDetailsManagerConfigurer : Global AuthenticationManager configured with an AuthenticationProvider bean. UserDetailsService beans will not be used by Spring Security for automatically configuring username/password login. Consider removing the AuthenticationProvider bean. Alternatively, consider using the UserDetailsService in a manually instantiated DaoAuthenticationProvider. If the current configuration is intentional, to turn off this warning, increase the logging level of 'org.springframework.security.config.annotation.authentication.configuration.InitializeUserDetailsBeanManagerConfigurer' to ERROR
2025-12-15T03:05:29.868+03:00  INFO 11840 --- [BestPractice] [           main] o.a.c.c.C.[Tomcat].[localhost].[/]       : Initializing Spring TestDispatcherServlet ''
2025-12-15T03:05:29.868+03:00  INFO 11840 --- [BestPractice] [           main] o.s.t.web.servlet.TestDispatcherServlet  : Initializing Servlet ''
2025-12-15T03:05:29.869+03:00  INFO 11840 --- [BestPractice] [           main] o.s.t.web.servlet.TestDispatcherServlet  : Completed initialization in 1 ms
2025-12-15T03:05:30.031+03:00  INFO 11840 --- [BestPractice] [           main] o.s.b.w.embedded.tomcat.TomcatWebServer  : Tomcat started on port 53928 (http) with context path '/'
2025-12-15T03:05:30.103+03:00  INFO 11840 --- [BestPractice] [           main] o.s.b.w.embedded.tomcat.TomcatWebServer  : Tomcat initialized with port 0 (http)
2025-12-15T03:05:30.104+03:00  INFO 11840 --- [BestPractice] [           main] o.apache.catalina.core.StandardService   : Starting service [Tomcat]
2025-12-15T03:05:30.104+03:00  INFO 11840 --- [BestPractice] [           main] o.apache.catalina.core.StandardEngine    : Starting Servlet engine: [Apache Tomcat/10.1.34]
2025-12-15T03:05:30.126+03:00  INFO 11840 --- [BestPractice] [           main] o.a.c.c.C.[Tomcat-1].[localhost].[/]     : Initializing Spring embedded WebApplicationContext
2025-12-15T03:05:30.127+03:00  INFO 11840 --- [BestPractice] [           main] w.s.c.ServletWebServerApplicationContext : Root WebApplicationContext: initialization completed in 93 ms
2025-12-15T03:05:30.136+03:00  INFO 11840 --- [BestPractice] [           main] o.s.b.a.e.web.EndpointLinksResolver      : Exposing 3 endpoints beneath base path '/actuator'
2025-12-15T03:05:30.166+03:00  INFO 11840 --- [BestPractice] [           main] o.s.b.w.embedded.tomcat.TomcatWebServer  : Tomcat started on port 53929 (http) with context path '/'
2025-12-15T03:05:30.181+03:00  INFO 11840 --- [BestPractice] [           main] o.p.bestpractice.UserControllerImplTest  : Started UserControllerImplTest in 8.498 seconds (process running for 9.269)
2025-12-15T03:05:30.423+03:00  INFO 11840 --- [BestPractice] [           main] o.p.bestpractice.aspect.LoggingAspect    : Enter : org.project.bestpractice.controller.concretes.UserControllerImpl.addUser with argument[s]=[UserRequest(firstname=ramazan, lastname=bozkurt, password=123456789, email=ramazan@test.com)]
2025-12-15T03:05:30.428+03:00  INFO 11840 --- [BestPractice] [           main] o.p.bestpractice.aspect.LoggingAspect    : Exit : org.project.bestpractice.controller.concretes.UserControllerImpl.addUser with result <200 OK OK,org.project.bestpractice.utils.RestResponse@4b71aee1,[]> (Duration: 5 ms)

MockHttpServletRequest:
      HTTP Method = POST
      Request URI = /rest/api/user/addUser
       Parameters = {}
          Headers = [Content-Type:"application/json", Content-Length:"94"]
             Body = <no character encoding set>
    Session Attrs = {}

Handler:
             Type = org.project.bestpractice.controller.concretes.UserControllerImpl
           Method = org.project.bestpractice.controller.concretes.UserControllerImpl#addUser(UserRequest)

Async:
    Async started = false
     Async result = null

Resolved Exception:
             Type = null

ModelAndView:
        View name = null
             View = null
            Model = null

FlashMap:
       Attributes = null

MockHttpServletResponse:
           Status = 200
    Error message = null
          Headers = [Content-Type:"application/json"]
     Content type = application/json
             Body = {"status":true,"message":"success","data":{"id":"63d97ec9-292b-421c-b7c9-2dbfee11852e","firstname":"ramazan","lastname":"bozkurt","email":"ramazan@test.com","createdAt":null,"active":false,"locked":false},"responseTime":"2025-12-15T03:05:30.4278562"}
    Forwarded URL = null
   Redirected URL = null
          Cookies = []
]]></system-out>
    <system-err><![CDATA[Mockito is currently self-attaching to enable the inline-mock-maker. This will no longer work in future releases of the JDK. Please add Mockito as an agent to your build what is described in Mockito's documentation: https://javadoc.io/doc/org.mockito/mockito-core/latest/org/mockito/Mockito.html#0.3
WARNING: A Java agent has been loaded dynamically (C:\Users\Lenovo\.m2\repository\net\bytebuddy\byte-buddy-agent\1.15.11\byte-buddy-agent-1.15.11.jar)
WARNING: If a serviceability tool is in use, please run with -XX:+EnableDynamicAgentLoading to hide this warning
WARNING: If a serviceability tool is not in use, please run with -Djdk.instrument.traceUsage for more information
WARNING: Dynamic loading of agents will be disallowed by default in a future release
]]></system-err>
  </testcase>
  <testcase name="getUserById_shouldReturnUser_whenIdExists" classname="org.project.bestpractice.UserControllerImplTest" time="0.008">
    <system-out><![CDATA[2025-12-15T03:05:30.461+03:00  INFO 11840 --- [BestPractice] [           main] o.p.bestpractice.aspect.LoggingAspect    : Enter : org.project.bestpractice.controller.concretes.UserControllerImpl.getUserById with argument[s]=[d14f064b-fcaa-43a0-8dfe-b5cce51b4f21]
2025-12-15T03:05:30.461+03:00  INFO 11840 --- [BestPractice] [           main] o.p.bestpractice.aspect.LoggingAspect    : Exit : org.project.bestpractice.controller.concretes.UserControllerImpl.getUserById with result <200 OK OK,org.project.bestpractice.utils.RestResponse@6581ee8,[]> (Duration: 0 ms)

MockHttpServletRequest:
      HTTP Method = GET
      Request URI = /rest/api/user/getById/d14f064b-fcaa-43a0-8dfe-b5cce51b4f21
       Parameters = {}
          Headers = []
             Body = <no character encoding set>
    Session Attrs = {}

Handler:
             Type = org.project.bestpractice.controller.concretes.UserControllerImpl
           Method = org.project.bestpractice.controller.concretes.UserControllerImpl#getUserById(UUID)

Async:
    Async started = false
     Async result = null

Resolved Exception:
             Type = null

ModelAndView:
        View name = null
             View = null
            Model = null

FlashMap:
       Attributes = null

MockHttpServletResponse:
           Status = 200
    Error message = null
          Headers = [Content-Type:"application/json"]
     Content type = application/json
             Body = {"status":true,"message":"success","data":{"id":"d14f064b-fcaa-43a0-8dfe-b5cce51b4f21","firstname":"ramazan","lastname":"bozkurt","email":"ramazan@gmail.com","createdAt":null,"active":false,"locked":false},"responseTime":"2025-12-15T03:05:30.4618758"}
    Forwarded URL = null
   Redirected URL = null
          Cookies = []
]]></system-out>
  </testcase>
  <testcase name="getUserList_shouldReturnList" classname="org.project.bestpractice.UserControllerImplTest" time="0.016">
    <system-out><![CDATA[2025-12-15T03:05:30.471+03:00  INFO 11840 --- [BestPractice] [           main] o.p.bestpractice.aspect.LoggingAspect    : Enter : org.project.bestpractice.controller.concretes.UserControllerImpl.getUserList with argument[s]=[0, 10]
2025-12-15T03:05:30.471+03:00  INFO 11840 --- [BestPractice] [           main] o.p.bestpractice.aspect.LoggingAspect    : Exit : org.project.bestpractice.controller.concretes.UserControllerImpl.getUserList with result <200 OK OK,org.project.bestpractice.utils.RestResponse@3e680b29,[]> (Duration: 0 ms)

MockHttpServletRequest:
      HTTP Method = GET
      Request URI = /rest/api/user/getUserList
       Parameters = {page=[0], size=[10]}
          Headers = []
             Body = <no character encoding set>
    Session Attrs = {}

Handler:
             Type = org.project.bestpractice.controller.concretes.UserControllerImpl
           Method = org.project.bestpractice.controller.concretes.UserControllerImpl#getUserList(int, int)

Async:
    Async started = false
     Async result = null

Resolved Exception:
             Type = null

ModelAndView:
        View name = null
             View = null
            Model = null

FlashMap:
       Attributes = null

MockHttpServletResponse:
           Status = 200
    Error message = null
          Headers = [Content-Type:"application/json"]
     Content type = application/json
             Body = {"status":true,"message":"success","data":{"content":[{"id":"d4e1e4ca-9a23-49bb-80b2-8985f1264121","firstname":"sedat","lastname":"ünal","email":"sedat@gmail.com","createdAt":null,"active":false,"locked":false},{"id":"0435ec06-dbd6-4f9f-b2d0-750b65ef8be6","firstname":"burak","lastname":"atık","email":"burak@gmail.com","createdAt":null,"active":false,"locked":false}],"pageNumber":0,"pageSize":0,"totalElements":2,"totalPages":0,"last":false},"responseTime":"2025-12-15T03:05:30.4718541"}
    Forwarded URL = null
   Redirected URL = null
          Cookies = []
]]></system-out>
  </testcase>
  <testcase name="addUser_shouldReturnBadRequest_whenEmailIsInvalid" classname="org.project.bestpractice.UserControllerImplTest" time="0.029">
    <system-out><![CDATA[2025-12-15T03:05:30.494+03:00  WARN 11840 --- [BestPractice] [           main] o.p.b.handling.GlobalExceptionHandler    : Validation Error | Path: /rest/api/user/addUser

MockHttpServletRequest:
      HTTP Method = POST
      Request URI = /rest/api/user/addUser
       Parameters = {}
          Headers = [Content-Type:"application/json", Content-Length:"83"]
             Body = <no character encoding set>
    Session Attrs = {}

Handler:
             Type = org.project.bestpractice.controller.concretes.UserControllerImpl
           Method = org.project.bestpractice.controller.concretes.UserControllerImpl#addUser(UserRequest)

Async:
    Async started = false
     Async result = null

Resolved Exception:
             Type = org.springframework.web.bind.MethodArgumentNotValidException

ModelAndView:
        View name = null
             View = null
            Model = null

FlashMap:
       Attributes = null

MockHttpServletResponse:
           Status = 400
    Error message = null
          Headers = [Content-Type:"application/json"]
     Content type = application/json
             Body = {"id":"33f591b4-38f2-41a9-a1e3-51aadbcf7bee","createTime":"2025-12-15T03:05:30.4968545","message":"Validasyon Hatası!","data":{"email":["Geçerli bir e-posta formatı girin"]},"path":"/rest/api/user/addUser","hostName":"DESKTOP-7DO0PJK"}
    Forwarded URL = null
   Redirected URL = null
          Cookies = []
]]></system-out>
  </testcase>
  <testcase name="updateUser_shouldReturnOk_whenRequestIsValid" classname="org.project.bestpractice.UserControllerImplTest" time="0.008">
    <system-out><![CDATA[2025-12-15T03:05:30.516+03:00  INFO 11840 --- [BestPractice] [           main] o.p.bestpractice.aspect.LoggingAspect    : Enter : org.project.bestpractice.controller.concretes.UserControllerImpl.updateUser with argument[s]=[1748577e-2278-4686-8b39-f56f6a4bf402, UserRequest(firstname=ramazan_updated, lastname=bozkurt_updated, password=newPassword123, email=ramazan_new@test.com)]
2025-12-15T03:05:30.516+03:00  INFO 11840 --- [BestPractice] [           main] o.p.bestpractice.aspect.LoggingAspect    : Exit : org.project.bestpractice.controller.concretes.UserControllerImpl.updateUser with result <200 OK OK,org.project.bestpractice.utils.RestResponse@220f319a,[]> (Duration: 0 ms)

MockHttpServletRequest:
      HTTP Method = PUT
      Request URI = /rest/api/user/updateUser/1748577e-2278-4686-8b39-f56f6a4bf402
       Parameters = {}
          Headers = [Content-Type:"application/json", Content-Length:"119"]
             Body = <no character encoding set>
    Session Attrs = {}

Handler:
             Type = org.project.bestpractice.controller.concretes.UserControllerImpl
           Method = org.project.bestpractice.controller.concretes.UserControllerImpl#updateUser(UUID, UserRequest)

Async:
    Async started = false
     Async result = null

Resolved Exception:
             Type = null

ModelAndView:
        View name = null
             View = null
            Model = null

FlashMap:
       Attributes = null

MockHttpServletResponse:
           Status = 200
    Error message = null
          Headers = [Content-Type:"application/json"]
     Content type = application/json
             Body = {"status":true,"message":"success","data":{"id":"1748577e-2278-4686-8b39-f56f6a4bf402","firstname":"ramazan_updated","lastname":"bozkurt_updated","email":"ramazan_new@test.com","createdAt":null,"active":false,"locked":false},"responseTime":"2025-12-15T03:05:30.516854"}
    Forwarded URL = null
   Redirected URL = null
          Cookies = []
]]></system-out>
  </testcase>
</testsuite>